mode: set
tech-challenge-product/internal/channels/rest/mapping.go:5.59,14.2 1 1
tech-challenge-product/internal/channels/rest/mapping.go:16.62,26.2 1 1
tech-challenge-product/internal/channels/rest/product.go:25.71,29.2 1 1
tech-challenge-product/internal/channels/rest/product.go:31.55,38.2 6 1
tech-challenge-product/internal/channels/rest/product.go:40.54,45.16 4 1
tech-challenge-product/internal/channels/rest/product.go:45.16,47.3 1 1
tech-challenge-product/internal/channels/rest/product.go:48.2,48.24 1 1
tech-challenge-product/internal/channels/rest/product.go:48.24,50.3 1 1
tech-challenge-product/internal/channels/rest/product.go:51.2,51.24 1 1
tech-challenge-product/internal/channels/rest/product.go:51.24,53.3 1 1
tech-challenge-product/internal/channels/rest/product.go:54.2,54.42 1 0
tech-challenge-product/internal/channels/rest/product.go:57.113,61.21 2 1
tech-challenge-product/internal/channels/rest/product.go:61.21,63.17 2 1
tech-challenge-product/internal/channels/rest/product.go:63.17,65.4 1 0
tech-challenge-product/internal/channels/rest/product.go:66.3,66.60 1 1
tech-challenge-product/internal/channels/rest/product.go:69.2,69.20 1 1
tech-challenge-product/internal/channels/rest/product.go:69.20,71.17 2 1
tech-challenge-product/internal/channels/rest/product.go:71.17,73.4 1 0
tech-challenge-product/internal/channels/rest/product.go:75.3,75.36 1 1
tech-challenge-product/internal/channels/rest/product.go:75.36,77.4 1 1
tech-challenge-product/internal/channels/rest/product.go:78.3,78.23 1 1
tech-challenge-product/internal/channels/rest/product.go:81.2,82.16 2 1
tech-challenge-product/internal/channels/rest/product.go:82.16,84.3 1 1
tech-challenge-product/internal/channels/rest/product.go:86.2,86.35 1 1
tech-challenge-product/internal/channels/rest/product.go:86.35,88.3 1 1
tech-challenge-product/internal/channels/rest/product.go:90.2,90.22 1 1
tech-challenge-product/internal/channels/rest/product.go:93.52,96.16 3 1
tech-challenge-product/internal/channels/rest/product.go:96.16,98.3 1 1
tech-challenge-product/internal/channels/rest/product.go:100.2,101.16 2 1
tech-challenge-product/internal/channels/rest/product.go:101.16,103.3 1 0
tech-challenge-product/internal/channels/rest/product.go:105.2,105.71 1 1
tech-challenge-product/internal/channels/rest/product.go:108.55,113.41 4 1
tech-challenge-product/internal/channels/rest/product.go:113.41,115.3 1 1
tech-challenge-product/internal/channels/rest/product.go:117.2,118.16 2 1
tech-challenge-product/internal/channels/rest/product.go:118.16,120.3 1 0
tech-challenge-product/internal/channels/rest/product.go:122.2,122.35 1 1
tech-challenge-product/internal/channels/rest/product.go:125.55,129.16 3 1
tech-challenge-product/internal/channels/rest/product.go:129.16,131.3 1 1
tech-challenge-product/internal/channels/rest/product.go:133.2,133.35 1 1
tech-challenge-product/internal/channels/rest/rest.go:18.32,22.2 1 0
tech-challenge-product/internal/channels/rest/rest.go:24.29,36.2 6 0
tech-challenge-product/internal/repository/mongo.go:18.33,20.16 2 0
tech-challenge-product/internal/repository/mongo.go:20.16,21.13 1 0
tech-challenge-product/internal/repository/mongo.go:23.2,24.11 2 0
tech-challenge-product/internal/repository/product.go:27.59,29.2 1 1
tech-challenge-product/internal/repository/product.go:31.86,34.16 3 1
tech-challenge-product/internal/repository/product.go:34.16,36.3 1 1
tech-challenge-product/internal/repository/product.go:37.2,38.60 2 1
tech-challenge-product/internal/repository/product.go:38.60,40.3 1 0
tech-challenge-product/internal/repository/product.go:41.2,41.21 1 1
tech-challenge-product/internal/repository/product.go:44.113,46.16 2 1
tech-challenge-product/internal/repository/product.go:46.16,48.3 1 1
tech-challenge-product/internal/repository/product.go:49.2,49.21 1 1
tech-challenge-product/internal/repository/product.go:52.101,57.16 4 1
tech-challenge-product/internal/repository/product.go:57.16,59.3 1 1
tech-challenge-product/internal/repository/product.go:60.2,60.12 1 1
tech-challenge-product/internal/repository/product.go:63.97,68.16 3 1
tech-challenge-product/internal/repository/product.go:68.16,70.3 1 1
tech-challenge-product/internal/repository/product.go:72.2,72.21 1 1
tech-challenge-product/internal/repository/product.go:75.110,85.16 3 1
tech-challenge-product/internal/repository/product.go:85.16,87.3 1 1
tech-challenge-product/internal/repository/product.go:88.2,89.60 2 1
tech-challenge-product/internal/repository/product.go:89.60,91.3 1 0
tech-challenge-product/internal/repository/product.go:92.2,92.21 1 1
tech-challenge-product/internal/service/product.go:22.74,26.2 1 1
tech-challenge-product/internal/service/product.go:28.83,30.2 1 1
tech-challenge-product/internal/service/product.go:32.110,35.2 2 1
tech-challenge-product/internal/service/product.go:37.105,38.29 1 1
tech-challenge-product/internal/service/product.go:38.29,40.3 1 1
tech-challenge-product/internal/service/product.go:41.2,41.47 1 1
tech-challenge-product/internal/service/product.go:44.94,46.2 1 1
tech-challenge-product/internal/service/product.go:48.101,50.2 1 1
tech-challenge-product/internal/service/product.go:52.71,54.16 2 1
tech-challenge-product/internal/service/product.go:54.16,56.3 1 1
tech-challenge-product/internal/service/product.go:57.2,57.20 1 1
tech-challenge-product/internal/service/product.go:57.20,59.3 1 1
tech-challenge-product/internal/service/product.go:60.2,62.16 3 1
tech-challenge-product/internal/service/product.go:62.16,64.3 1 1
tech-challenge-product/internal/service/product.go:65.2,65.12 1 1
